<launch>
  <node type="type" />
</launch>
