<launch>

  <node pkg="package" type="test_node_rosparam_load_ns" name="load_ns">
    <rosparam ns="subns" file="$(find roslaunch)/test/params.yaml" command="load" />
  </node>

</launch>

