<launch>
  <!-- timeout must be a number -->
  <machine timeout="-1" name="one" address="address1"  />
</launch>

