<launch>
  <rosparam command="bad" />
</launch>

