<launch>
  <rosparam file="" command="load" />
</launch>

