<launch>
  <param name="~private" val="value" />
</launch>
