<launch>
  <!-- include with no 'ns' attribute -->
  <include clear_params="true" file="$(find roslaunch)/test/xml/test-clear-params-include.xml" />  
</launch>
