<launch>

  <arg name="grounded" value="1"/>
  <arg name="grounded" value="regrounded"/>
  
</launch>
