<launch>

  <test test-name="test4" pkg="package" type="test_time_limit" time-limit="string" />

</launch>

