<launch>
  <param name="name" command="not_a_command" />
</launch>
