<launch>
  <param value="someval" />
</launch>
