<launch>

  <arg name="invalid" value="$(arg missing)"/>

</launch>
