<launch>

  <!-- name attribute is required -->
  <node pkg="package" type="test_node_rosparam_invalid_name" >
    <rosparam file="$(find roslaunch)/test/params.yaml" command="load" />    
  </node>

</launch>

