<launch>
  <node name="n" pkg="package" type="env_test_invalid_name">
    <env name="" value="env1 value1" />
  </node>
</launch>

