<launch>
  
  <group if="1" unless="1">
  </group>

</launch>
