<launch>
  <rosparam file="$(find rosparam)/example.yaml" command="foo" />
</launch>

