<launch>
  <node name="n" pkg="package" type="type" respawn="foo" />
</launch>
