<launch>
  <remap from="from" to="to something" />
</launch>
