<launch>
  <node name="n" pkg="package" type="test_cwd_invalid" cwd="foo" />
</launch>
