<launch>
  <!-- should raise exception for node pkg being empty -->
  <node name="n" pkg="" type="test_xmlparseexception" />

</launch>

