<launch>
  <param name="somestring1" />
</launch>
