<launch>
  <machine name="$(env NAME)" address="$(env ADDRESS)" />
</launch> 
