<launch>
  <node name="n" pkg="package" type="test_ns_invalid" machine="" />
</launch>
