<launch>
  <node pkg="package" type="type" output="foo" />
</launch>
