<launch>
  <machine name="machine3" address="address3" ros-ip="hostname" />
</launch>
