<launch>
  <machine name="machine1" address="address1" default="foo" />
</launch>

