<launch>
  <node name="n12i" pkg="package" type="test_one_two_include" />
</launch>
