<launch>
  <node name="n" pkg="package" type="type" required="" />
</launch>
