<launch>
  <!-- missing from -->
  <remap to="to" />
</launch>
