<launch>
  <node pkg="package" type="test_ns_invalid" ns="" />
</launch>
