<launch>

  <node pkg="package" type="test_node_rosparam_load_param" name="load_param">
    <rosparam param="param" file="$(find roslaunch)/test/params.yaml" command="load" />
  </node>

</launch>

