<launch>
  <!-- allowed to have new tags, just warns -->
  <newtag />
</launch>
