<launch>
  <!-- name is required -->
  <machine address="address1"  />
</launch>

