<launch>
  <include file="$(find roslaunch)/test/xml/test-arg-invalid-included.xml" pass_all_args="true">
    <arg name="grounded" value="not_set"/>
  </include>
</launch>

