<launch>
  <arg name="grounded" value="set"/>
</launch>
