<launch>
  <!--  to is empty-->
  <remap from="from" to="" />
</launch>
