<launch>
  <!-- address is required -->
  <machine name="machine1" />
</launch>

