<launch>
  <node name="n" pkg="package" type="type" required="foo" />
</launch>
