<launch>
  <!-- from is empty -->
  <remap from="" to="to" />
</launch>
