<launch>
  <node name="n" pkg="package" type="" />
</launch>
