<launch>
  <rosparam>1</rosparam>
</launch>

