<launch>
  <remap from="from something" to="to" />
</launch>
