<launch>
  <!-- missing to -->
  <remap from="from" />
</launch>
