<launch>

  <group ns="ns1">
    <node pkg="package" type="test_node_rosparam_delete" name="rosparam_delete">
      <rosparam ns="ns2" param="param" command="delete" />
    </node>
  </group>
  
</launch>

