<launch>
  <node pkg="" type="type" />
</launch>
