<launch>
  <node name="n" pkg="package" type="type" respawn="true" required="true" />
</launch>
