<launch>
  <rosparam file="$(find rosparam)/foo.yaml" />
</launch>

