<launch>
  <!-- group with no 'ns' attribute -->
  <group clear_params="true" />
</launch>