<launch>

  <test test-name="test10" pkg="test_missing_type" />

</launch>

