<launch>
  <node name="n" pkg="package" />
</launch>
